<?xml version="1.0" encoding="UTF-8"?>
<!-- Generated by org.testng.reporters.JUnitXMLReporter -->
<testsuite hostname="DESKTOP-5OPVGRK" ignored="0" name="Default test" tests="3" failures="0" timestamp="03 Oct 2019 16:27:49 GMT" time="25.362" errors="0">
  <testcase name="Contact" time="1.715" classname="testObject.homepageTest"/>
  <testcase name="fillcontact" time="2.458" classname="testObject.homepageTest"/>
  <testcase name="successmsg" time="0.099" classname="testObject.homepageTest"/>
</testsuite> <!-- Default test -->
