<?xml version="1.0" encoding="UTF-8"?>
<!-- Generated by org.testng.reporters.JUnitXMLReporter -->
<testsuite hostname="DESKTOP-5OPVGRK" ignored="0" name="Test" tests="3" failures="0" timestamp="03 Oct 2019 17:13:33 GMT" time="26.786" errors="0">
  <testcase name="Contact" time="2.687" classname="testObject.homepageTest"/>
  <testcase name="fillcontact" time="2.51" classname="testObject.homepageTest"/>
  <testcase name="successmsg" time="0.1" classname="testObject.homepageTest"/>
</testsuite> <!-- Test -->
